  ofApp.cpp
D:\Coding\of_v0.12.0_vs_release\libs\openFrameworks\math\ofMatrix4x4.h(326,20): warning C4267: 'argument': conversion from 'size_t' to 'int', possible loss of data
  (compiling source file 'src/ofApp.cpp')
  
D:\Coding\of_v0.12.0_vs_release\libs\openFrameworks\math\ofMatrix4x4.h(331,20): warning C4267: 'argument': conversion from 'size_t' to 'int', possible loss of data
  (compiling source file 'src/ofApp.cpp')
  
D:\Coding\of_v0.12.0_vs_release\libs\openFrameworks\math\ofMatrix4x4.h(912,11): warning C4267: 'argument': conversion from 'size_t' to 'int', possible loss of data
  (compiling source file 'src/ofApp.cpp')
  
D:\Coding\of_v0.12.0_vs_release\libs\openFrameworks\math\ofMatrix4x4.h(913,11): warning C4267: 'argument': conversion from 'size_t' to 'int', possible loss of data
  (compiling source file 'src/ofApp.cpp')
  
D:\Coding\of_v0.12.0_vs_release\libs\openFrameworks\math\ofMatrix4x4.h(914,11): warning C4267: 'argument': conversion from 'size_t' to 'int', possible loss of data
  (compiling source file 'src/ofApp.cpp')
  
D:\Coding\of_v0.12.0_vs_release\libs\openFrameworks\math\ofMatrix4x4.h(915,11): warning C4267: 'argument': conversion from 'size_t' to 'int', possible loss of data
  (compiling source file 'src/ofApp.cpp')
  
D:\Coding\of_v0.12.0_vs_release\apps\myApps\rainbow\src\ofApp.cpp(58,13): warning C4267: 'initializing': conversion from 'size_t' to 'int', possible loss of data
D:\Coding\of_v0.12.0_vs_release\apps\myApps\rainbow\src\ofApp.cpp(83,14): warning C4267: 'initializing': conversion from 'size_t' to 'int', possible loss of data
D:\Coding\of_v0.12.0_vs_release\apps\myApps\rainbow\src\ofApp.cpp(105,36): warning C4267: 'argument': conversion from 'size_t' to 'ofIndexType', possible loss of data
D:\Coding\of_v0.12.0_vs_release\apps\myApps\rainbow\src\ofApp.cpp(105,75): warning C4267: 'argument': conversion from 'size_t' to 'ofIndexType', possible loss of data
D:\Coding\of_v0.12.0_vs_release\apps\myApps\rainbow\src\ofApp.cpp(106,53): warning C4267: 'argument': conversion from 'size_t' to 'ofIndexType', possible loss of data
D:\Coding\of_v0.12.0_vs_release\apps\myApps\rainbow\src\ofApp.cpp(106,109): warning C4267: 'argument': conversion from 'size_t' to 'ofIndexType', possible loss of data
D:\Coding\of_v0.12.0_vs_release\apps\myApps\rainbow\src\ofApp.cpp(113,2): warning C4996: 'ofRotateX': Use ofRotateXDeg or ofRotateXRad
D:\Coding\of_v0.12.0_vs_release\apps\myApps\rainbow\src\ofApp.cpp(114,2): warning C4996: 'ofRotateY': Use ofRotateYDeg or ofRotateYRad
D:\Coding\of_v0.12.0_vs_release\libs\openFrameworks\3d\ofMesh.inl(1665,21): warning C4267: 'argument': conversion from 'size_t' to 'ofIndexType', possible loss of data
  (compiling source file 'src/ofApp.cpp')
      D:\Coding\of_v0.12.0_vs_release\libs\openFrameworks\3d\ofMesh.inl(1665,21):
      the template instantiation context (the oldest one first) is
          D:\Coding\of_v0.12.0_vs_release\libs\openFrameworks\3d\of3dPrimitives.h(71,20):
          see reference to class template instantiation 'ofMesh_<ofDefaultVertexType,ofDefaultNormalType,ofDefaultColorType,ofDefaultTexCoordType>' being compiled
          D:\Coding\of_v0.12.0_vs_release\libs\openFrameworks\3d\ofMesh.inl(1647,83):
          while compiling class template member function 'const std::vector<ofMeshFace_<ofDefaultVertexType,ofDefaultNormalType,ofDefaultColorType,ofDefaultTexCoordType>,std::allocator<ofMeshFace_<ofDefaultVertexType,ofDefaultNormalType,ofDefaultColorType,ofDefaultTexCoordType>>> &ofMesh_<ofDefaultVertexType,ofDefaultNormalType,ofDefaultColorType,ofDefaultTexCoordType>::getUniqueFaces(void) const'
              D:\Coding\of_v0.12.0_vs_release\apps\myApps\rainbow\src\ofApp.cpp(15,31):
              see the first reference to 'ofMesh_<ofDefaultVertexType,ofDefaultNormalType,ofDefaultColorType,ofDefaultTexCoordType>::getUniqueFaces' in 'ofApp::setup'
  
D:\Coding\of_v0.12.0_vs_release\libs\openFrameworks\3d\ofMesh.inl(1667,21): warning C4267: 'argument': conversion from 'size_t' to 'ofIndexType', possible loss of data
  (compiling source file 'src/ofApp.cpp')
  
D:\Coding\of_v0.12.0_vs_release\libs\openFrameworks\3d\ofMesh.inl(1669,23): warning C4267: 'argument': conversion from 'size_t' to 'ofIndexType', possible loss of data
  (compiling source file 'src/ofApp.cpp')
  
D:\Coding\of_v0.12.0_vs_release\libs\openFrameworks\3d\ofMesh.inl(1671,20): warning C4267: 'argument': conversion from 'size_t' to 'ofIndexType', possible loss of data
  (compiling source file 'src/ofApp.cpp')
  
LINK : warning LNK4075: ignoring '/INCREMENTAL' due to '/FORCE' specification
  rainbow.vcxproj -> D:\Coding\of_v0.12.0_vs_release\apps\myApps\rainbow\bin\rainbow_debug.exe
  
  	                   2	D:\Coding\of_v0.12.0_vs_release\libs\fmod\lib\vs\x64\
  	  *EXTRA File 		 6942208	D:\Coding\of_v0.12.0_vs_release\apps\myApps\rainbow\bin\FreeImage.dll
  
  	                   1	D:\Coding\of_v0.12.0_vs_release\libs\FreeImage\lib\vs\x64\
  	  *EXTRA File 		 1826304	D:\Coding\of_v0.12.0_vs_release\apps\myApps\rainbow\bin\fmod.dll
  	  *EXTRA File 		 2041856	D:\Coding\of_v0.12.0_vs_release\apps\myApps\rainbow\bin\fmodL.dll
