  ofApp.cpp
D:\Coding\of_v0.12.0_vs_release\libs\openFrameworks\math\ofMatrix4x4.h(326,20): warning C4267: 'argument': conversion from 'size_t' to 'int', possible loss of data
  (compiling source file 'src/ofApp.cpp')
  
D:\Coding\of_v0.12.0_vs_release\libs\openFrameworks\math\ofMatrix4x4.h(331,20): warning C4267: 'argument': conversion from 'size_t' to 'int', possible loss of data
  (compiling source file 'src/ofApp.cpp')
  
D:\Coding\of_v0.12.0_vs_release\libs\openFrameworks\math\ofMatrix4x4.h(912,11): warning C4267: 'argument': conversion from 'size_t' to 'int', possible loss of data
  (compiling source file 'src/ofApp.cpp')
  
D:\Coding\of_v0.12.0_vs_release\libs\openFrameworks\math\ofMatrix4x4.h(913,11): warning C4267: 'argument': conversion from 'size_t' to 'int', possible loss of data
  (compiling source file 'src/ofApp.cpp')
  
D:\Coding\of_v0.12.0_vs_release\libs\openFrameworks\math\ofMatrix4x4.h(914,11): warning C4267: 'argument': conversion from 'size_t' to 'int', possible loss of data
  (compiling source file 'src/ofApp.cpp')
  
D:\Coding\of_v0.12.0_vs_release\libs\openFrameworks\math\ofMatrix4x4.h(915,11): warning C4267: 'argument': conversion from 'size_t' to 'int', possible loss of data
  (compiling source file 'src/ofApp.cpp')
  
D:\Github\CreativeCoding\github\moculars\src\ofApp.cpp(70,5): warning C4996: 'ofRotateX': Use ofRotateXDeg or ofRotateXRad
D:\Github\CreativeCoding\github\moculars\src\ofApp.cpp(71,5): warning C4996: 'ofRotateY': Use ofRotateYDeg or ofRotateYRad
LINK : warning LNK4075: ignoring '/INCREMENTAL' due to '/FORCE' specification
  moculars.vcxproj -> D:\Github\CreativeCoding\github\moculars\bin\moculars_debug.exe
  
  	                   2	D:\Coding\of_v0.12.0_vs_release\libs\fmod\lib\vs\x64\
  	  *EXTRA File 		 6942208	D:\Github\CreativeCoding\github\moculars\bin\FreeImage.dll
  
  	                   1	D:\Coding\of_v0.12.0_vs_release\libs\FreeImage\lib\vs\x64\
  	  *EXTRA File 		 1826304	D:\Github\CreativeCoding\github\moculars\bin\fmod.dll
  	  *EXTRA File 		 2041856	D:\Github\CreativeCoding\github\moculars\bin\fmodL.dll
