d:\coding\of_v0.12.0_vs_release\apps\myapps\mysketch\obj\addons\ofxgui\src\debug\ofxinputfield.obj
d:\coding\of_v0.12.0_vs_release\apps\myapps\mysketch\obj\addons\ofxgui\src\debug\ofxtoggle.obj
d:\coding\of_v0.12.0_vs_release\apps\myapps\mysketch\obj\addons\ofxgui\src\debug\ofxbasegui.obj
d:\coding\of_v0.12.0_vs_release\apps\myapps\mysketch\obj\addons\ofxgui\src\debug\ofxlabel.obj
d:\coding\of_v0.12.0_vs_release\apps\myapps\mysketch\obj\addons\ofxgui\src\debug\ofxguigroup.obj
d:\coding\of_v0.12.0_vs_release\apps\myapps\mysketch\obj\addons\ofxgui\src\debug\ofxslidergroup.obj
d:\coding\of_v0.12.0_vs_release\apps\myapps\mysketch\obj\addons\ofxgui\src\debug\ofxpanel.obj
d:\coding\of_v0.12.0_vs_release\apps\myapps\mysketch\obj\addons\ofxgui\src\debug\ofxbutton.obj
d:\coding\of_v0.12.0_vs_release\apps\myapps\mysketch\obj\addons\ofxgui\src\debug\ofxslider.obj
d:\coding\of_v0.12.0_vs_release\apps\myapps\mysketch\obj\addons\ofxgui\src\debug\ofxcolorpicker.obj
d:\coding\of_v0.12.0_vs_release\apps\myapps\mysketch\obj\x64\debug\vc143.pdb
d:\coding\of_v0.12.0_vs_release\apps\myapps\mysketch\obj\addons\ofxopencv\src\debug\ofxcvhaarfinder.obj
d:\coding\of_v0.12.0_vs_release\apps\myapps\mysketch\obj\addons\ofxopencv\src\debug\ofxcvshortimage.obj
d:\coding\of_v0.12.0_vs_release\apps\myapps\mysketch\obj\addons\ofxopencv\src\debug\ofxcvgrayscaleimage.obj
d:\coding\of_v0.12.0_vs_release\apps\myapps\mysketch\obj\addons\ofxopencv\src\debug\ofxcvfloatimage.obj
d:\coding\of_v0.12.0_vs_release\apps\myapps\mysketch\obj\addons\ofxopencv\src\debug\ofxcvcolorimage.obj
d:\coding\of_v0.12.0_vs_release\apps\myapps\mysketch\obj\addons\ofxopencv\src\debug\ofxcvimage.obj
d:\coding\of_v0.12.0_vs_release\apps\myapps\mysketch\obj\addons\ofxopencv\src\debug\ofxcvcontourfinder.obj
d:\coding\of_v0.12.0_vs_release\apps\myapps\mysketch\obj\x64\debug\build\src\debug\ofapp.obj
d:\coding\of_v0.12.0_vs_release\apps\myapps\mysketch\obj\x64\debug\build\src\debug\main.obj
d:\coding\of_v0.12.0_vs_release\apps\myapps\mysketch\obj\x64\debug\build\src\debug\particle.obj
d:\coding\of_v0.12.0_vs_release\apps\myapps\mysketch\obj\x64\debug\icon.res
d:\coding\of_v0.12.0_vs_release\apps\myapps\mysketch\obj\x64\debug\mysketch.tlog\cl.command.1.tlog
d:\coding\of_v0.12.0_vs_release\apps\myapps\mysketch\obj\x64\debug\mysketch.tlog\cl.items.tlog
d:\coding\of_v0.12.0_vs_release\apps\myapps\mysketch\obj\x64\debug\mysketch.tlog\cl.read.1.tlog
d:\coding\of_v0.12.0_vs_release\apps\myapps\mysketch\obj\x64\debug\mysketch.tlog\cl.write.1.tlog
d:\coding\of_v0.12.0_vs_release\apps\myapps\mysketch\obj\x64\debug\mysketch.tlog\link-cvtres.read.1.tlog
d:\coding\of_v0.12.0_vs_release\apps\myapps\mysketch\obj\x64\debug\mysketch.tlog\link-cvtres.write.1.tlog
d:\coding\of_v0.12.0_vs_release\apps\myapps\mysketch\obj\x64\debug\mysketch.tlog\link-rc.read.1.tlog
d:\coding\of_v0.12.0_vs_release\apps\myapps\mysketch\obj\x64\debug\mysketch.tlog\link-rc.write.1.tlog
d:\coding\of_v0.12.0_vs_release\apps\myapps\mysketch\obj\x64\debug\mysketch.tlog\link.command.1.tlog
d:\coding\of_v0.12.0_vs_release\apps\myapps\mysketch\obj\x64\debug\mysketch.tlog\link.read.1.tlog
d:\coding\of_v0.12.0_vs_release\apps\myapps\mysketch\obj\x64\debug\mysketch.tlog\link.read.2.tlog
d:\coding\of_v0.12.0_vs_release\apps\myapps\mysketch\obj\x64\debug\mysketch.tlog\link.secondary.1.tlog
d:\coding\of_v0.12.0_vs_release\apps\myapps\mysketch\obj\x64\debug\mysketch.tlog\link.write.1.tlog
d:\coding\of_v0.12.0_vs_release\apps\myapps\mysketch\obj\x64\debug\mysketch.tlog\rc.command.1.tlog
d:\coding\of_v0.12.0_vs_release\apps\myapps\mysketch\obj\x64\debug\mysketch.tlog\rc.read.1.tlog
d:\coding\of_v0.12.0_vs_release\apps\myapps\mysketch\obj\x64\debug\mysketch.tlog\rc.write.1.tlog
